2022-05-16T01:56:57.553Z [33mwarn[39m: 	GET /asd url not found
2022-05-16T01:58:21.492Z [33mwarn[39m: 	GET /assets/logo.png url not found
2022-05-16T01:58:21.671Z [33mwarn[39m: 	GET /assets/favicon.ico url not found
2022-05-16T01:59:27.624Z [33mwarn[39m: 	GET /assets/favicon.ico url not found
2022-05-16T01:59:28.443Z [33mwarn[39m: 	GET /assets/logo.png url not found
2022-05-16T01:59:28.487Z [33mwarn[39m: 	GET /assets/favicon.ico url not found
2022-05-16T02:01:22.766Z [33mwarn[39m: 	GET /assets/favicon.ico url not found
2022-05-16T02:01:28.575Z [33mwarn[39m: 	GET /assets/favicon.ico url not found
2022-05-16T02:01:49.274Z [33mwarn[39m: 	GET /assets/favicon.ico url not found
2022-05-16T02:02:20.824Z [33mwarn[39m: 	GET /assets/favicon.ico url not found
2022-05-16T02:03:13.236Z [33mwarn[39m: 	GET /assets/favicon.ico url not found
2022-05-16T02:03:43.620Z [33mwarn[39m: 	GET /assets/favicon.ico url not found
2022-05-16T02:03:57.067Z [33mwarn[39m: 	GET /assets/favicon.ico url not found
2022-05-16T02:04:09.860Z [33mwarn[39m: 	GET /assets/favicon.ico url not found
2022-05-16T02:04:41.125Z [33mwarn[39m: 	GET /assets/favicon.ico url not found
2022-05-16T02:05:30.719Z [33mwarn[39m: 	GET /assets/favicon.ico url not found
2022-05-16T02:06:08.938Z [33mwarn[39m: 	GET /assets/favicon.ico url not found
2022-05-16T02:06:19.476Z [33mwarn[39m: 	GET /assets/favicon.ico url not found
2022-05-16T02:06:44.729Z [33mwarn[39m: 	GET /assets/favicon.ico url not found
2022-05-16T02:06:50.955Z [33mwarn[39m: 	GET /assets/favicon.ico url not found
2022-05-16T02:06:51.892Z [33mwarn[39m: 	GET /assets/favicon.ico url not found
2022-05-16T02:13:44.523Z [33mwarn[39m: 	GET /assets/favicon.ico url not found
2022-05-16T02:13:48.204Z [33mwarn[39m: 	GET /assets/favicon.ico url not found
2022-05-16T02:14:03.843Z [33mwarn[39m: 	GET /assets/favicon.ico url not found
2022-05-16T02:14:09.119Z [33mwarn[39m: 	GET /assets/favicon.ico url not found
2022-05-16T02:14:15.571Z [33mwarn[39m: 	GET /assets/favicon.ico url not found
2022-05-16T02:14:17.990Z [33mwarn[39m: 	GET /assets/favicon.ico url not found
2022-05-16T02:14:18.697Z [33mwarn[39m: 	GET /assets/favicon.ico url not found
2022-05-16T02:14:19.207Z [33mwarn[39m: 	GET /assets/favicon.ico url not found
2022-05-16T02:14:19.639Z [33mwarn[39m: 	GET /assets/favicon.ico url not found
2022-05-16T02:14:20.134Z [33mwarn[39m: 	GET /assets/favicon.ico url not found
2022-05-16T02:16:33.252Z [33mwarn[39m: 	GET /assets/favicon.ico url not found
2022-05-16T02:16:34.399Z [33mwarn[39m: 	GET /assets/favicon.ico url not found
2022-05-16T02:16:41.057Z [33mwarn[39m: 	GET /assets/favicon.ico url not found
2022-05-16T02:17:02.734Z [33mwarn[39m: 	GET /assets/favicon.ico url not found
2022-05-16T02:17:20.999Z [33mwarn[39m: 	GET /assets/favicon.ico url not found
2022-05-16T02:17:57.209Z [33mwarn[39m: 	GET /assets/favicon.ico url not found
2022-05-16T02:18:38.726Z [33mwarn[39m: 	GET /assets/favicon.ico url not found
2022-05-16T02:18:45.817Z [33mwarn[39m: 	GET /assets/favicon.ico url not found
2022-05-16T02:18:50.771Z [33mwarn[39m: 	GET /assets/favicon.ico url not found
2022-05-16T02:18:57.195Z [33mwarn[39m: 	GET /assets/favicon.ico url not found
2022-05-16T02:19:01.091Z [33mwarn[39m: 	GET /assets/favicon.ico url not found
2022-05-16T02:19:05.736Z [33mwarn[39m: 	GET /assets/favicon.ico url not found
2022-05-16T02:19:19.568Z [33mwarn[39m: 	GET /assets/favicon.ico url not found
2022-05-16T02:19:30.077Z [33mwarn[39m: 	GET /assets/favicon.ico url not found
2022-05-16T02:19:35.912Z [33mwarn[39m: 	GET /assets/favicon.ico url not found
2022-05-16T02:19:38.507Z [33mwarn[39m: 	GET /assets/favicon.ico url not found
2022-05-16T02:19:45.791Z [33mwarn[39m: 	GET /assets/favicon.ico url not found
2022-05-16T02:22:22.353Z [33mwarn[39m: 	GET /assets/favicon.ico url not found
2022-05-16T02:22:52.780Z [33mwarn[39m: 	GET /assets/favicon.ico url not found
2022-05-16T02:23:23.989Z [33mwarn[39m: 	GET /assets/favicon.ico url not found
2022-05-16T02:24:56.703Z [33mwarn[39m: 	GET /assets/favicon.ico url not found
2022-05-16T02:25:10.160Z [33mwarn[39m: 	GET /assets/favicon.ico url not found
2022-05-16T02:26:19.939Z [33mwarn[39m: 	GET /assets/favicon.ico url not found
2022-05-16T02:26:40.963Z [33mwarn[39m: 	GET /assets/favicon.ico url not found
2022-05-16T02:26:55.050Z [33mwarn[39m: 	GET /assets/favicon.ico url not found
2022-05-16T22:19:58.212Z [33mwarn[39m: 	GET /assets/favicon.ico url not found
2022-05-16T22:20:01.497Z [33mwarn[39m: 	GET /assets/favicon.ico url not found
2022-05-16T22:25:38.353Z [33mwarn[39m: 	GET /favicon.ico url not found
2022-05-16T23:37:39.689Z [33mwarn[39m: 	GET /assets/favicon.ico url not found
2022-05-16T23:37:55.176Z [33mwarn[39m: 	GET /assets/favicon.ico url not found
2022-05-16T23:39:02.738Z [33mwarn[39m: 	GET /assets/favicon.ico url not found
2022-05-16T23:39:08.235Z [33mwarn[39m: 	GET /assets/favicon.ico url not found
2022-05-16T23:41:16.794Z [33mwarn[39m: 	GET /assets/favicon.ico url not found
2022-05-16T23:42:27.171Z [33mwarn[39m: 	GET /assets/favicon.ico url not found
2022-05-16T23:42:28.478Z [33mwarn[39m: 	GET /assets/favicon.ico url not found
2022-05-16T23:43:11.870Z [33mwarn[39m: 	GET /assets/favicon.ico url not found
2022-05-16T23:44:26.349Z [33mwarn[39m: 	GET /assets/favicon.ico url not found
2022-05-16T23:45:38.359Z [33mwarn[39m: 	GET /assets/favicon.ico url not found
2022-05-16T23:48:22.005Z [33mwarn[39m: 	GET /auth/signup url not found
2022-05-16T23:48:22.141Z [33mwarn[39m: 	GET /favicon.ico url not found
2022-05-16T23:48:29.936Z [33mwarn[39m: 	GET /assets/favicon.ico url not found
2022-05-16T23:48:33.576Z [33mwarn[39m: 	GET /assets/favicon.ico url not found
2022-05-16T23:48:44.741Z [33mwarn[39m: 	GET /assets/favicon.ico url not found
2022-05-17T00:02:33.253Z [33mwarn[39m: 	GET /assets/favicon.ico url not found
2022-05-17T00:02:51.871Z [33mwarn[39m: 	GET /assets/favicon.ico url not found
2022-05-17T00:03:03.226Z [33mwarn[39m: 	GET /assets/favicon.ico url not found
